<?xml version="1.0" encoding="UTF-8"?>
<!-- Generated by org.testng.reporters.JUnitReportReporter -->
<testsuite hostname="root.local" failures="0" tests="2" name="testCases.T01_Get_Request" time="0.840" errors="0" timestamp="2020-07-22T23:30:10 EDT" skipped="0">
  <testcase classname="testCases.T01_Get_Request" name="checkResponseBody1" time="0.695"/>
  <testcase classname="testCases.T01_Get_Request" name="getRequest2" time="0.145"/>
</testsuite> <!-- testCases.T01_Get_Request -->
