<?xml version="1.0" encoding="UTF-8"?>
<!-- Generated by org.testng.reporters.JUnitReportReporter -->
<testsuite hostname="root.local" failures="0" tests="1" name="testCases.T00_Get_Request" time="0.721" errors="0" timestamp="2020-07-22T23:13:57 EDT" skipped="0">
  <testcase classname="testCases.T00_Get_Request" name="getRequest_01" time="0.721"/>
</testsuite> <!-- testCases.T00_Get_Request -->
